0 info it worked if it ends with ok
1 verbose cli [ '/Users/ragingwind/.nvm/v0.10.11/bin/node',
1 verbose cli   '/Users/ragingwind/.nvm/v0.10.11/bin/npm',
1 verbose cli   'link' ]
2 info using npm@1.2.30
3 info using node@v0.10.11
4 verbose linkPkg /Users/ragingwind/Dropbox/ragingwind/mqttbot
5 verbose read json /Users/ragingwind/Dropbox/ragingwind/mqttbot/package.json
6 verbose link build target /Users/ragingwind/.nvm/v0.10.11/lib/node_modules/mqttbot
7 verbose install where,what [ '/Users/ragingwind/Dropbox/ragingwind/mqttbot', [] ]
8 verbose from cache /Users/ragingwind/Dropbox/ragingwind/mqttbot/package.json
9 verbose readDependencies using package.json deps
10 verbose install where, deps [ '/Users/ragingwind/Dropbox/ragingwind/mqttbot',
10 verbose install   [ 'nopt',
10 verbose install     'lodash',
10 verbose install     'mqtt',
10 verbose install     'mows',
10 verbose install     'grunt',
10 verbose install     'mockery',
10 verbose install     'grunt-contrib-jshint',
10 verbose install     'grunt-contrib-watch',
10 verbose install     'grunt-mocha-test' ] ]
11 verbose from cache /Users/ragingwind/Dropbox/ragingwind/mqttbot/package.json
12 info preinstall mqttbot@0.2.2
13 verbose read json /Users/ragingwind/Dropbox/ragingwind/mqttbot/node_modules/form-data/package.json
14 verbose read json /Users/ragingwind/Dropbox/ragingwind/mqttbot/node_modules/grunt/package.json
15 verbose read json /Users/ragingwind/Dropbox/ragingwind/mqttbot/node_modules/grunt-contrib-jshint/package.json
16 verbose read json /Users/ragingwind/Dropbox/ragingwind/mqttbot/node_modules/grunt-contrib-watch/package.json
17 verbose read json /Users/ragingwind/Dropbox/ragingwind/mqttbot/node_modules/grunt-mocha-test/package.json
18 verbose read json /Users/ragingwind/Dropbox/ragingwind/mqttbot/node_modules/lodash/package.json
19 verbose read json /Users/ragingwind/Dropbox/ragingwind/mqttbot/node_modules/mockery/package.json
20 verbose read json /Users/ragingwind/Dropbox/ragingwind/mqttbot/node_modules/mows/package.json
21 verbose read json /Users/ragingwind/Dropbox/ragingwind/mqttbot/node_modules/mqtt/package.json
22 verbose read json /Users/ragingwind/Dropbox/ragingwind/mqttbot/node_modules/nopt/package.json
23 verbose read json /Users/ragingwind/Dropbox/ragingwind/mqttbot/node_modules/websocket-stream/package.json
24 verbose read json /Users/ragingwind/Dropbox/ragingwind/mqttbot/node_modules/ws/package.json
25 verbose from cache /Users/ragingwind/Dropbox/ragingwind/mqttbot/package.json
26 verbose readDependencies using package.json deps
27 verbose from cache /Users/ragingwind/Dropbox/ragingwind/mqttbot/node_modules/form-data/package.json
28 verbose from cache /Users/ragingwind/Dropbox/ragingwind/mqttbot/node_modules/grunt/package.json
29 verbose from cache /Users/ragingwind/Dropbox/ragingwind/mqttbot/node_modules/grunt-contrib-jshint/package.json
30 verbose from cache /Users/ragingwind/Dropbox/ragingwind/mqttbot/node_modules/grunt-contrib-watch/package.json
31 verbose from cache /Users/ragingwind/Dropbox/ragingwind/mqttbot/node_modules/grunt-mocha-test/package.json
32 verbose from cache /Users/ragingwind/Dropbox/ragingwind/mqttbot/node_modules/lodash/package.json
33 verbose from cache /Users/ragingwind/Dropbox/ragingwind/mqttbot/node_modules/mockery/package.json
34 verbose from cache /Users/ragingwind/Dropbox/ragingwind/mqttbot/node_modules/mows/package.json
35 verbose from cache /Users/ragingwind/Dropbox/ragingwind/mqttbot/node_modules/mqtt/package.json
36 verbose from cache /Users/ragingwind/Dropbox/ragingwind/mqttbot/node_modules/nopt/package.json
37 verbose from cache /Users/ragingwind/Dropbox/ragingwind/mqttbot/node_modules/websocket-stream/package.json
38 verbose from cache /Users/ragingwind/Dropbox/ragingwind/mqttbot/node_modules/ws/package.json
39 verbose already installed skipping mqtt@~0.3.7 /Users/ragingwind/Dropbox/ragingwind/mqttbot
40 verbose already installed skipping mows@~0.0.3 /Users/ragingwind/Dropbox/ragingwind/mqttbot
41 verbose already installed skipping grunt@~0.4.2 /Users/ragingwind/Dropbox/ragingwind/mqttbot
42 verbose already installed skipping mockery@~1.4.0 /Users/ragingwind/Dropbox/ragingwind/mqttbot
43 verbose already installed skipping grunt-contrib-jshint@~0.8.0 /Users/ragingwind/Dropbox/ragingwind/mqttbot
44 verbose already installed skipping grunt-contrib-watch@~0.5.3 /Users/ragingwind/Dropbox/ragingwind/mqttbot
45 verbose already installed skipping nopt@~2.1.1 /Users/ragingwind/Dropbox/ragingwind/mqttbot
46 verbose already installed skipping grunt-mocha-test@~0.8.1 /Users/ragingwind/Dropbox/ragingwind/mqttbot
47 verbose already installed skipping lodash@~2.4.1 /Users/ragingwind/Dropbox/ragingwind/mqttbot
48 silly resolved []
49 info build /Users/ragingwind/Dropbox/ragingwind/mqttbot
50 verbose from cache /Users/ragingwind/Dropbox/ragingwind/mqttbot/package.json
51 verbose linkStuff [ false, false, false, '/Users/ragingwind/Dropbox/ragingwind' ]
52 info linkStuff mqttbot@0.2.2
53 verbose from cache /Users/ragingwind/Dropbox/ragingwind/mqttbot/package.json
54 verbose linkBins mqttbot@0.2.2
55 verbose linkMans mqttbot@0.2.2
56 verbose rebuildBundles mqttbot@0.2.2
57 verbose rebuildBundles [ '.bin',
57 verbose rebuildBundles   'form-data',
57 verbose rebuildBundles   'grunt',
57 verbose rebuildBundles   'grunt-contrib-jshint',
57 verbose rebuildBundles   'grunt-contrib-watch',
57 verbose rebuildBundles   'grunt-mocha-test',
57 verbose rebuildBundles   'lodash',
57 verbose rebuildBundles   'mockery',
57 verbose rebuildBundles   'mows',
57 verbose rebuildBundles   'mqtt',
57 verbose rebuildBundles   'nopt',
57 verbose rebuildBundles   'websocket-stream',
57 verbose rebuildBundles   'ws' ]
58 verbose rebuild bundle /Users/ragingwind/Dropbox/ragingwind/mqttbot/node_modules/form-data
59 info build /Users/ragingwind/Dropbox/ragingwind/mqttbot/node_modules/form-data
60 verbose from cache /Users/ragingwind/Dropbox/ragingwind/mqttbot/node_modules/form-data/package.json
61 info preinstall form-data@0.1.2
62 verbose linkStuff [ false,
62 verbose linkStuff   false,
62 verbose linkStuff   false,
62 verbose linkStuff   '/Users/ragingwind/Dropbox/ragingwind/mqttbot/node_modules' ]
63 info linkStuff form-data@0.1.2
64 verbose from cache /Users/ragingwind/Dropbox/ragingwind/mqttbot/package.json
65 verbose linkBins form-data@0.1.2
66 verbose linkMans form-data@0.1.2
67 verbose rebuildBundles form-data@0.1.2
68 verbose rebuildBundles [ 'async', 'combined-stream', 'mime' ]
69 info install form-data@0.1.2
70 info postinstall form-data@0.1.2
71 verbose rebuild bundle /Users/ragingwind/Dropbox/ragingwind/mqttbot/node_modules/websocket-stream
72 info build /Users/ragingwind/Dropbox/ragingwind/mqttbot/node_modules/websocket-stream
73 verbose from cache /Users/ragingwind/Dropbox/ragingwind/mqttbot/node_modules/websocket-stream/package.json
74 info preinstall websocket-stream@0.3.3
75 verbose linkStuff [ false,
75 verbose linkStuff   false,
75 verbose linkStuff   false,
75 verbose linkStuff   '/Users/ragingwind/Dropbox/ragingwind/mqttbot/node_modules' ]
76 info linkStuff websocket-stream@0.3.3
77 verbose from cache /Users/ragingwind/Dropbox/ragingwind/mqttbot/package.json
78 verbose linkBins websocket-stream@0.3.3
79 verbose linkMans websocket-stream@0.3.3
80 verbose rebuildBundles websocket-stream@0.3.3
81 verbose rebuildBundles [ '.bin', 'isbuffer', 'ws' ]
82 info install websocket-stream@0.3.3
83 info postinstall websocket-stream@0.3.3
84 verbose rebuild bundle /Users/ragingwind/Dropbox/ragingwind/mqttbot/node_modules/ws
85 info build /Users/ragingwind/Dropbox/ragingwind/mqttbot/node_modules/ws
86 verbose from cache /Users/ragingwind/Dropbox/ragingwind/mqttbot/node_modules/ws/package.json
87 info preinstall ws@0.4.31
88 verbose linkStuff [ false,
88 verbose linkStuff   false,
88 verbose linkStuff   false,
88 verbose linkStuff   '/Users/ragingwind/Dropbox/ragingwind/mqttbot/node_modules' ]
89 info linkStuff ws@0.4.31
90 verbose from cache /Users/ragingwind/Dropbox/ragingwind/mqttbot/package.json
91 verbose linkBins ws@0.4.31
92 verbose link bins [ { wscat: './bin/wscat' },
92 verbose link bins   '/Users/ragingwind/Dropbox/ragingwind/mqttbot/node_modules/.bin',
92 verbose link bins   false ]
93 verbose linkMans ws@0.4.31
94 verbose rebuildBundles ws@0.4.31
95 verbose rebuildBundles [ 'commander', 'nan', 'options', 'tinycolor' ]
96 info install ws@0.4.31
97 verbose unsafe-perm in lifecycle true
98 info postinstall ws@0.4.31
99 info install mqttbot@0.2.2
100 info postinstall mqttbot@0.2.2
101 info prepublish mqttbot@0.2.2
102 verbose from cache /Users/ragingwind/Dropbox/ragingwind/mqttbot/package.json
103 verbose from cache /Users/ragingwind/Dropbox/ragingwind/mqttbot/node_modules/form-data/package.json
104 verbose from cache /Users/ragingwind/Dropbox/ragingwind/mqttbot/node_modules/grunt/package.json
105 verbose from cache /Users/ragingwind/Dropbox/ragingwind/mqttbot/node_modules/grunt-contrib-jshint/package.json
106 verbose from cache /Users/ragingwind/Dropbox/ragingwind/mqttbot/node_modules/grunt-contrib-watch/package.json
107 verbose from cache /Users/ragingwind/Dropbox/ragingwind/mqttbot/node_modules/grunt-mocha-test/package.json
108 verbose from cache /Users/ragingwind/Dropbox/ragingwind/mqttbot/node_modules/lodash/package.json
109 verbose from cache /Users/ragingwind/Dropbox/ragingwind/mqttbot/node_modules/mockery/package.json
110 verbose from cache /Users/ragingwind/Dropbox/ragingwind/mqttbot/node_modules/mows/package.json
111 verbose from cache /Users/ragingwind/Dropbox/ragingwind/mqttbot/node_modules/mqtt/package.json
112 verbose from cache /Users/ragingwind/Dropbox/ragingwind/mqttbot/node_modules/nopt/package.json
113 verbose from cache /Users/ragingwind/Dropbox/ragingwind/mqttbot/node_modules/websocket-stream/package.json
114 verbose from cache /Users/ragingwind/Dropbox/ragingwind/mqttbot/node_modules/ws/package.json
115 verbose read json /Users/ragingwind/Dropbox/ragingwind/mqttbot/node_modules/form-data/node_modules/async/package.json
116 verbose read json /Users/ragingwind/Dropbox/ragingwind/mqttbot/node_modules/form-data/node_modules/combined-stream/package.json
117 verbose read json /Users/ragingwind/Dropbox/ragingwind/mqttbot/node_modules/form-data/node_modules/mime/package.json
118 verbose read json /Users/ragingwind/Dropbox/ragingwind/mqttbot/node_modules/grunt/node_modules/async/package.json
119 verbose read json /Users/ragingwind/Dropbox/ragingwind/mqttbot/node_modules/grunt/node_modules/coffee-script/package.json
120 verbose read json /Users/ragingwind/Dropbox/ragingwind/mqttbot/node_modules/grunt/node_modules/colors/package.json
121 verbose read json /Users/ragingwind/Dropbox/ragingwind/mqttbot/node_modules/grunt/node_modules/dateformat/package.json
122 verbose read json /Users/ragingwind/Dropbox/ragingwind/mqttbot/node_modules/grunt/node_modules/eventemitter2/package.json
123 verbose read json /Users/ragingwind/Dropbox/ragingwind/mqttbot/node_modules/grunt/node_modules/exit/package.json
124 verbose read json /Users/ragingwind/Dropbox/ragingwind/mqttbot/node_modules/grunt/node_modules/findup-sync/package.json
125 verbose read json /Users/ragingwind/Dropbox/ragingwind/mqttbot/node_modules/grunt/node_modules/getobject/package.json
126 verbose read json /Users/ragingwind/Dropbox/ragingwind/mqttbot/node_modules/grunt/node_modules/glob/package.json
127 verbose read json /Users/ragingwind/Dropbox/ragingwind/mqttbot/node_modules/grunt/node_modules/hooker/package.json
128 verbose read json /Users/ragingwind/Dropbox/ragingwind/mqttbot/node_modules/grunt/node_modules/iconv-lite/package.json
129 verbose read json /Users/ragingwind/Dropbox/ragingwind/mqttbot/node_modules/grunt/node_modules/js-yaml/package.json
130 verbose read json /Users/ragingwind/Dropbox/ragingwind/mqttbot/node_modules/grunt/node_modules/lodash/package.json
131 verbose read json /Users/ragingwind/Dropbox/ragingwind/mqttbot/node_modules/grunt/node_modules/minimatch/package.json
132 verbose read json /Users/ragingwind/Dropbox/ragingwind/mqttbot/node_modules/grunt/node_modules/nopt/package.json
133 verbose read json /Users/ragingwind/Dropbox/ragingwind/mqttbot/node_modules/grunt/node_modules/rimraf/package.json
134 verbose read json /Users/ragingwind/Dropbox/ragingwind/mqttbot/node_modules/grunt/node_modules/underscore.string/package.json
135 verbose read json /Users/ragingwind/Dropbox/ragingwind/mqttbot/node_modules/grunt/node_modules/which/package.json
136 verbose read json /Users/ragingwind/Dropbox/ragingwind/mqttbot/node_modules/grunt-contrib-jshint/node_modules/jshint/package.json
137 verbose read json /Users/ragingwind/Dropbox/ragingwind/mqttbot/node_modules/grunt-contrib-watch/node_modules/gaze/package.json
138 verbose read json /Users/ragingwind/Dropbox/ragingwind/mqttbot/node_modules/grunt-contrib-watch/node_modules/tiny-lr/package.json
139 verbose read json /Users/ragingwind/Dropbox/ragingwind/mqttbot/node_modules/grunt-mocha-test/node_modules/mocha/package.json
140 verbose read json /Users/ragingwind/Dropbox/ragingwind/mqttbot/node_modules/mqtt/node_modules/bops/package.json
141 verbose read json /Users/ragingwind/Dropbox/ragingwind/mqttbot/node_modules/mqtt/node_modules/readable-stream/package.json
142 verbose read json /Users/ragingwind/Dropbox/ragingwind/mqttbot/node_modules/nopt/node_modules/abbrev/package.json
143 verbose read json /Users/ragingwind/Dropbox/ragingwind/mqttbot/node_modules/websocket-stream/node_modules/isbuffer/package.json
144 verbose read json /Users/ragingwind/Dropbox/ragingwind/mqttbot/node_modules/websocket-stream/node_modules/ws/package.json
145 verbose read json /Users/ragingwind/Dropbox/ragingwind/mqttbot/node_modules/ws/node_modules/commander/package.json
146 verbose read json /Users/ragingwind/Dropbox/ragingwind/mqttbot/node_modules/ws/node_modules/nan/package.json
147 verbose read json /Users/ragingwind/Dropbox/ragingwind/mqttbot/node_modules/ws/node_modules/options/package.json
148 verbose read json /Users/ragingwind/Dropbox/ragingwind/mqttbot/node_modules/ws/node_modules/tinycolor/package.json
149 warn package.json dateformat@1.0.2-1.2.3 No repository field.
150 verbose read json /Users/ragingwind/Dropbox/ragingwind/mqttbot/node_modules/form-data/node_modules/combined-stream/node_modules/delayed-stream/package.json
151 verbose read json /Users/ragingwind/Dropbox/ragingwind/mqttbot/node_modules/grunt/node_modules/findup-sync/node_modules/lodash/package.json
152 verbose read json /Users/ragingwind/Dropbox/ragingwind/mqttbot/node_modules/grunt/node_modules/glob/node_modules/graceful-fs/package.json
153 verbose read json /Users/ragingwind/Dropbox/ragingwind/mqttbot/node_modules/grunt/node_modules/glob/node_modules/inherits/package.json
154 verbose read json /Users/ragingwind/Dropbox/ragingwind/mqttbot/node_modules/grunt/node_modules/js-yaml/node_modules/argparse/package.json
155 verbose read json /Users/ragingwind/Dropbox/ragingwind/mqttbot/node_modules/grunt/node_modules/js-yaml/node_modules/esprima/package.json
156 verbose read json /Users/ragingwind/Dropbox/ragingwind/mqttbot/node_modules/grunt/node_modules/minimatch/node_modules/lru-cache/package.json
157 verbose read json /Users/ragingwind/Dropbox/ragingwind/mqttbot/node_modules/grunt/node_modules/minimatch/node_modules/sigmund/package.json
158 verbose read json /Users/ragingwind/Dropbox/ragingwind/mqttbot/node_modules/grunt/node_modules/nopt/node_modules/abbrev/package.json
159 verbose read json /Users/ragingwind/Dropbox/ragingwind/mqttbot/node_modules/grunt/node_modules/rimraf/node_modules/graceful-fs/package.json
160 verbose read json /Users/ragingwind/Dropbox/ragingwind/mqttbot/node_modules/grunt-contrib-jshint/node_modules/jshint/node_modules/cli/package.json
161 verbose read json /Users/ragingwind/Dropbox/ragingwind/mqttbot/node_modules/grunt-contrib-jshint/node_modules/jshint/node_modules/console-browserify/package.json
162 verbose read json /Users/ragingwind/Dropbox/ragingwind/mqttbot/node_modules/grunt-contrib-jshint/node_modules/jshint/node_modules/htmlparser2/package.json
163 verbose read json /Users/ragingwind/Dropbox/ragingwind/mqttbot/node_modules/grunt-contrib-jshint/node_modules/jshint/node_modules/minimatch/package.json
164 verbose read json /Users/ragingwind/Dropbox/ragingwind/mqttbot/node_modules/grunt-contrib-jshint/node_modules/jshint/node_modules/shelljs/package.json
165 verbose read json /Users/ragingwind/Dropbox/ragingwind/mqttbot/node_modules/grunt-contrib-jshint/node_modules/jshint/node_modules/underscore/package.json
166 verbose read json /Users/ragingwind/Dropbox/ragingwind/mqttbot/node_modules/grunt-contrib-watch/node_modules/gaze/node_modules/globule/package.json
167 verbose read json /Users/ragingwind/Dropbox/ragingwind/mqttbot/node_modules/grunt-contrib-watch/node_modules/tiny-lr/node_modules/debug/package.json
168 verbose read json /Users/ragingwind/Dropbox/ragingwind/mqttbot/node_modules/grunt-contrib-watch/node_modules/tiny-lr/node_modules/faye-websocket/package.json
169 verbose read json /Users/ragingwind/Dropbox/ragingwind/mqttbot/node_modules/grunt-contrib-watch/node_modules/tiny-lr/node_modules/noptify/package.json
170 verbose read json /Users/ragingwind/Dropbox/ragingwind/mqttbot/node_modules/grunt-contrib-watch/node_modules/tiny-lr/node_modules/qs/package.json
171 verbose read json /Users/ragingwind/Dropbox/ragingwind/mqttbot/node_modules/grunt-mocha-test/node_modules/mocha/node_modules/commander/package.json
172 verbose read json /Users/ragingwind/Dropbox/ragingwind/mqttbot/node_modules/grunt-mocha-test/node_modules/mocha/node_modules/debug/package.json
173 verbose read json /Users/ragingwind/Dropbox/ragingwind/mqttbot/node_modules/grunt-mocha-test/node_modules/mocha/node_modules/diff/package.json
174 verbose read json /Users/ragingwind/Dropbox/ragingwind/mqttbot/node_modules/grunt-mocha-test/node_modules/mocha/node_modules/glob/package.json
175 verbose read json /Users/ragingwind/Dropbox/ragingwind/mqttbot/node_modules/grunt-mocha-test/node_modules/mocha/node_modules/growl/package.json
176 verbose read json /Users/ragingwind/Dropbox/ragingwind/mqttbot/node_modules/grunt-mocha-test/node_modules/mocha/node_modules/jade/package.json
177 verbose read json /Users/ragingwind/Dropbox/ragingwind/mqttbot/node_modules/grunt-mocha-test/node_modules/mocha/node_modules/mkdirp/package.json
178 verbose read json /Users/ragingwind/Dropbox/ragingwind/mqttbot/node_modules/mqtt/node_modules/bops/node_modules/base64-js/package.json
179 verbose read json /Users/ragingwind/Dropbox/ragingwind/mqttbot/node_modules/mqtt/node_modules/bops/node_modules/to-utf8/package.json
180 verbose read json /Users/ragingwind/Dropbox/ragingwind/mqttbot/node_modules/websocket-stream/node_modules/ws/node_modules/commander/package.json
181 verbose read json /Users/ragingwind/Dropbox/ragingwind/mqttbot/node_modules/websocket-stream/node_modules/ws/node_modules/nan/package.json
182 verbose read json /Users/ragingwind/Dropbox/ragingwind/mqttbot/node_modules/websocket-stream/node_modules/ws/node_modules/options/package.json
183 verbose read json /Users/ragingwind/Dropbox/ragingwind/mqttbot/node_modules/websocket-stream/node_modules/ws/node_modules/tinycolor/package.json
184 warn package.json faye-websocket@0.4.4 'repositories' (plural) Not supported.
184 warn package.json Please pick one as the 'repository' field
185 warn package.json growl@1.7.0 No repository field.
186 verbose read json /Users/ragingwind/Dropbox/ragingwind/mqttbot/node_modules/grunt/node_modules/js-yaml/node_modules/argparse/node_modules/underscore/package.json
187 verbose read json /Users/ragingwind/Dropbox/ragingwind/mqttbot/node_modules/grunt/node_modules/js-yaml/node_modules/argparse/node_modules/underscore.string/package.json
188 verbose read json /Users/ragingwind/Dropbox/ragingwind/mqttbot/node_modules/grunt-contrib-jshint/node_modules/jshint/node_modules/cli/node_modules/glob/package.json
189 verbose read json /Users/ragingwind/Dropbox/ragingwind/mqttbot/node_modules/grunt-contrib-jshint/node_modules/jshint/node_modules/htmlparser2/node_modules/domelementtype/package.json
190 verbose read json /Users/ragingwind/Dropbox/ragingwind/mqttbot/node_modules/grunt-contrib-jshint/node_modules/jshint/node_modules/htmlparser2/node_modules/domhandler/package.json
191 verbose read json /Users/ragingwind/Dropbox/ragingwind/mqttbot/node_modules/grunt-contrib-jshint/node_modules/jshint/node_modules/htmlparser2/node_modules/domutils/package.json
192 verbose read json /Users/ragingwind/Dropbox/ragingwind/mqttbot/node_modules/grunt-contrib-jshint/node_modules/jshint/node_modules/htmlparser2/node_modules/readable-stream/package.json
193 verbose read json /Users/ragingwind/Dropbox/ragingwind/mqttbot/node_modules/grunt-contrib-jshint/node_modules/jshint/node_modules/minimatch/node_modules/lru-cache/package.json
194 verbose read json /Users/ragingwind/Dropbox/ragingwind/mqttbot/node_modules/grunt-contrib-jshint/node_modules/jshint/node_modules/minimatch/node_modules/sigmund/package.json
195 verbose read json /Users/ragingwind/Dropbox/ragingwind/mqttbot/node_modules/grunt-contrib-watch/node_modules/gaze/node_modules/globule/node_modules/glob/package.json
196 verbose read json /Users/ragingwind/Dropbox/ragingwind/mqttbot/node_modules/grunt-contrib-watch/node_modules/gaze/node_modules/globule/node_modules/lodash/package.json
197 verbose read json /Users/ragingwind/Dropbox/ragingwind/mqttbot/node_modules/grunt-contrib-watch/node_modules/gaze/node_modules/globule/node_modules/minimatch/package.json
198 verbose read json /Users/ragingwind/Dropbox/ragingwind/mqttbot/node_modules/grunt-contrib-watch/node_modules/tiny-lr/node_modules/noptify/node_modules/nopt/package.json
199 verbose read json /Users/ragingwind/Dropbox/ragingwind/mqttbot/node_modules/grunt-mocha-test/node_modules/mocha/node_modules/glob/node_modules/graceful-fs/package.json
200 verbose read json /Users/ragingwind/Dropbox/ragingwind/mqttbot/node_modules/grunt-mocha-test/node_modules/mocha/node_modules/glob/node_modules/inherits/package.json
201 verbose read json /Users/ragingwind/Dropbox/ragingwind/mqttbot/node_modules/grunt-mocha-test/node_modules/mocha/node_modules/glob/node_modules/minimatch/package.json
202 verbose read json /Users/ragingwind/Dropbox/ragingwind/mqttbot/node_modules/grunt-mocha-test/node_modules/mocha/node_modules/jade/node_modules/commander/package.json
203 verbose read json /Users/ragingwind/Dropbox/ragingwind/mqttbot/node_modules/grunt-mocha-test/node_modules/mocha/node_modules/jade/node_modules/mkdirp/package.json
204 verbose read json /Users/ragingwind/Dropbox/ragingwind/mqttbot/node_modules/grunt-contrib-jshint/node_modules/jshint/node_modules/cli/node_modules/glob/node_modules/inherits/package.json
205 verbose read json /Users/ragingwind/Dropbox/ragingwind/mqttbot/node_modules/grunt-contrib-jshint/node_modules/jshint/node_modules/htmlparser2/node_modules/readable-stream/node_modules/string_decoder/package.json
206 verbose read json /Users/ragingwind/Dropbox/ragingwind/mqttbot/node_modules/grunt-contrib-watch/node_modules/gaze/node_modules/globule/node_modules/glob/node_modules/graceful-fs/package.json
207 verbose read json /Users/ragingwind/Dropbox/ragingwind/mqttbot/node_modules/grunt-contrib-watch/node_modules/gaze/node_modules/globule/node_modules/glob/node_modules/inherits/package.json
208 verbose read json /Users/ragingwind/Dropbox/ragingwind/mqttbot/node_modules/grunt-contrib-watch/node_modules/gaze/node_modules/globule/node_modules/minimatch/node_modules/lru-cache/package.json
209 verbose read json /Users/ragingwind/Dropbox/ragingwind/mqttbot/node_modules/grunt-contrib-watch/node_modules/gaze/node_modules/globule/node_modules/minimatch/node_modules/sigmund/package.json
210 verbose read json /Users/ragingwind/Dropbox/ragingwind/mqttbot/node_modules/grunt-contrib-watch/node_modules/tiny-lr/node_modules/noptify/node_modules/nopt/node_modules/abbrev/package.json
211 verbose read json /Users/ragingwind/Dropbox/ragingwind/mqttbot/node_modules/grunt-mocha-test/node_modules/mocha/node_modules/glob/node_modules/minimatch/node_modules/lru-cache/package.json
212 verbose read json /Users/ragingwind/Dropbox/ragingwind/mqttbot/node_modules/grunt-mocha-test/node_modules/mocha/node_modules/glob/node_modules/minimatch/node_modules/sigmund/package.json
213 verbose readInstalled returning nopt@2.1.2
214 verbose readInstalled returning lodash@2.4.1
215 verbose readInstalled returning mqtt@0.3.7
216 verbose readInstalled returning mows@0.0.3
217 verbose readInstalled returning grunt@0.4.2
218 verbose readInstalled returning mockery@1.4.0
219 verbose readInstalled returning grunt-contrib-jshint@0.8.0
220 verbose readInstalled returning grunt-contrib-watch@0.5.3
221 verbose readInstalled returning grunt-mocha-test@0.8.2
222 verbose readInstalled returning ws@0.4.31
223 verbose readInstalled returning form-data@0.1.2
224 verbose readInstalled returning websocket-stream@0.3.3
225 verbose readInstalled returning abbrev@1.0.4
226 verbose readInstalled returning readable-stream@1.0.24
227 verbose readInstalled returning bops@0.1.1
228 verbose readInstalled returning base64-js@0.0.2
229 verbose readInstalled returning to-utf8@0.0.1
230 verbose readInstalled returning isbuffer@0.0.0
231 verbose readInstalled returning ws@0.4.31
232 verbose readInstalled returning commander@0.6.1
233 verbose readInstalled returning nan@0.3.2
234 verbose readInstalled returning tinycolor@0.0.1
235 verbose readInstalled returning options@0.0.5
236 verbose readInstalled returning commander@0.6.1
237 verbose readInstalled returning nan@0.3.2
238 verbose readInstalled returning tinycolor@0.0.1
239 verbose readInstalled returning options@0.0.5
240 verbose readInstalled returning async@0.1.22
241 verbose readInstalled returning coffee-script@1.3.3
242 verbose readInstalled returning colors@0.6.2
243 verbose readInstalled returning dateformat@1.0.2-1.2.3
244 verbose readInstalled returning eventemitter2@0.4.13
245 verbose readInstalled returning findup-sync@0.1.2
246 verbose readInstalled returning glob@3.1.21
247 verbose readInstalled returning hooker@0.2.3
248 verbose readInstalled returning iconv-lite@0.2.11
249 verbose readInstalled returning minimatch@0.2.14
250 verbose readInstalled returning nopt@1.0.10
251 verbose readInstalled returning rimraf@2.0.3
252 verbose readInstalled returning lodash@0.9.2
253 verbose readInstalled returning underscore.string@2.2.1
254 verbose readInstalled returning which@1.0.5
255 verbose readInstalled returning js-yaml@2.0.5
256 verbose readInstalled returning exit@0.1.2
257 verbose readInstalled returning getobject@0.1.0
258 verbose readInstalled returning lodash@1.0.1
259 verbose readInstalled returning graceful-fs@1.2.3
260 verbose readInstalled returning inherits@1.0.0
261 verbose readInstalled returning lru-cache@2.5.0
262 verbose readInstalled returning sigmund@1.0.0
263 verbose readInstalled returning abbrev@1.0.4
264 verbose readInstalled returning graceful-fs@1.1.14
265 verbose readInstalled returning argparse@0.1.15
266 verbose readInstalled returning esprima@1.0.4
267 verbose readInstalled returning underscore@1.4.4
268 verbose readInstalled returning underscore.string@2.3.3
269 verbose readInstalled returning jshint@2.4.2
270 verbose readInstalled returning shelljs@0.1.4
271 verbose readInstalled returning underscore@1.4.4
272 verbose readInstalled returning cli@0.4.5
273 verbose readInstalled returning minimatch@0.2.14
274 verbose readInstalled returning htmlparser2@3.3.0
275 verbose readInstalled returning console-browserify@0.1.6
276 verbose readInstalled returning glob@3.2.8
277 verbose readInstalled returning inherits@2.0.1
278 verbose readInstalled returning lru-cache@2.5.0
279 verbose readInstalled returning sigmund@1.0.0
280 verbose readInstalled returning domhandler@2.1.0
281 verbose readInstalled returning domutils@1.1.6
282 verbose readInstalled returning domelementtype@1.1.1
283 verbose readInstalled returning readable-stream@1.0.25
284 verbose readInstalled returning string_decoder@0.10.24
285 verbose readInstalled returning gaze@0.4.3
286 verbose readInstalled returning tiny-lr@0.0.4
287 verbose readInstalled returning globule@0.1.0
288 verbose readInstalled returning lodash@1.0.1
289 verbose readInstalled returning glob@3.1.21
290 verbose readInstalled returning minimatch@0.2.14
291 verbose readInstalled returning graceful-fs@1.2.3
292 verbose readInstalled returning inherits@1.0.0
293 verbose readInstalled returning lru-cache@2.5.0
294 verbose readInstalled returning sigmund@1.0.0
295 verbose readInstalled returning qs@0.5.6
296 verbose readInstalled returning faye-websocket@0.4.4
297 verbose readInstalled returning noptify@0.0.3
298 verbose readInstalled returning debug@0.7.4
299 verbose readInstalled returning nopt@2.0.0
300 verbose readInstalled returning abbrev@1.0.4
301 verbose readInstalled returning mocha@1.14.0
302 verbose readInstalled returning commander@2.0.0
303 verbose readInstalled returning growl@1.7.0
304 verbose readInstalled returning jade@0.26.3
305 verbose readInstalled returning diff@1.0.7
306 verbose readInstalled returning debug@0.7.4
307 verbose readInstalled returning mkdirp@0.3.5
308 verbose readInstalled returning glob@3.2.3
309 verbose readInstalled returning commander@0.6.1
310 verbose readInstalled returning mkdirp@0.3.0
311 verbose readInstalled returning minimatch@0.2.14
312 verbose readInstalled returning graceful-fs@2.0.1
313 verbose readInstalled returning inherits@2.0.1
314 verbose readInstalled returning lru-cache@2.5.0
315 verbose readInstalled returning sigmund@1.0.0
316 verbose readInstalled returning combined-stream@0.0.4
317 verbose readInstalled returning mime@1.2.11
318 verbose readInstalled returning async@0.2.9
319 verbose readInstalled returning delayed-stream@0.0.5
320 verbose readInstalled returning mqttbot@0.2.2
321 info build /Users/ragingwind/.nvm/v0.10.11/lib/node_modules/mqttbot
322 verbose read json /Users/ragingwind/.nvm/v0.10.11/lib/node_modules/mqttbot/package.json
323 verbose linkStuff [ true,
323 verbose linkStuff   '/Users/ragingwind/.nvm/v0.10.11/lib/node_modules',
323 verbose linkStuff   true,
323 verbose linkStuff   '/Users/ragingwind/.nvm/v0.10.11/lib/node_modules' ]
324 info linkStuff mqttbot@0.2.2
325 verbose from cache /Users/ragingwind/Dropbox/ragingwind/mqttbot/package.json
326 verbose linkBins mqttbot@0.2.2
327 verbose link bins [ { mqttbot: 'mqttbot.js' },
327 verbose link bins   '/Users/ragingwind/.nvm/v0.10.11/bin',
327 verbose link bins   true ]
328 verbose linkMans mqttbot@0.2.2
329 error Error: ENOENT, chmod '/Users/ragingwind/.nvm/v0.10.11/lib/node_modules/mqttbot/mqttbot.js'
330 error If you need help, you may report this log at:
330 error     <http://github.com/isaacs/npm/issues>
330 error or email it to:
330 error     <npm-@googlegroups.com>
331 error System Darwin 13.0.0
332 error command "/Users/ragingwind/.nvm/v0.10.11/bin/node" "/Users/ragingwind/.nvm/v0.10.11/bin/npm" "link"
333 error cwd /Users/ragingwind/Dropbox/ragingwind/mqttbot
334 error node -v v0.10.11
335 error npm -v 1.2.30
336 error path /Users/ragingwind/.nvm/v0.10.11/lib/node_modules/mqttbot/mqttbot.js
337 error code ENOENT
338 error errno 34
339 verbose exit [ 34, true ]
